1620665435598	geckodriver	INFO	Listening on 127.0.0.1:52989
1620665438660	mozrunner::runner	INFO	Running command: "C:\\Program Files\\Mozilla Firefox\\firefox.exe" "--marionette" "-foreground" "-no-remote" "-profile" "C:\\Users\\grzeg\\AppData\\Local\\Temp\\rust_mozprofileSi2985"
1620665438884	Marionette	INFO	Marionette enabled
console.warn: SearchSettings: "get: No settings file exists, new profile?" (new Error("", "(unknown module)"))
1620665440323	Marionette	INFO	Listening on port 52998
1620665440713	Marionette	WARN	TLS certificate errors will be ignored for this session

###!!! [Parent][RunMessage] Error: Channel closing: too late to send/recv, messages will be lost


###!!! [Parent][RunMessage] Error: Channel closing: too late to send/recv, messages will be lost

1620665788189	Marionette	INFO	Stopped listening on port 52998

###!!! [Child][RunMessage] Error: Channel closing: too late to send/recv, messages will be lost

"--marionette" "-foreground" "-no-remote" "-profile" "C:\\Users\\grzeg\\AppData\\Local\\Temp\\rust_mozprofile6IUIJV"
1620665476013	Marionette	INFO	Marionette enabled
console.warn: SearchSettings: "get: No settings file exists, new profile?" (new Error("", "(unknown module)"))
1620665477582	Marionette	INFO	Listening on port 53206
1620665477844	Marionette	WARN	TLS certificate errors will be ignored for this session

###!!! [Parent][RunMessage] Error: Channel closing: too late to send/recv, messages will be lost

1620665788967	Marionette	INFO	Stopped listening on port 53206

###!!! [Child][RunMessage] Error: Channel closing: too late to send/recv, messages will be lost

"--marionette" "-foreground" "-no-remote" "-profile" "C:\\Users\\grzeg\\AppData\\Local\\Temp\\rust_mozprofile64dfuW"
1620665579279	Marionette	INFO	Marionette enabled
console.warn: SearchSettings: "get: No settings file exists, new profile?" (new Error("", "(unknown module)"))
1620665580821	Marionette	INFO	Listening on port 53418
1620665581112	Marionette	WARN	TLS certificate errors will be ignored for this session
JavaScript error: https://www.homedepot.com/, line 39: InvalidStateError: responseText is only available if responseType is '' or 'text'.
JavaScript error: https://www.homedepot.com/, line 39: InvalidStateError: responseText is only available if responseType is '' or 'text'.
JavaScript error: https://www.homedepot.com/, line 39: InvalidStateError: responseText is only available if responseType is '' or 'text'.

###!!! [Parent][RunMessage] Error: Channel closing: too late to send/recv, messages will be lost

JavaScript error: https://www.homedepot.com/, line 39: InvalidStateError: responseText is only available if responseType is '' or 'text'.
JavaScript error: https://www.homedepot.com/, line 39: InvalidStateError: responseText is only available if responseType is '' or 'text'.
JavaScript error: https://www.homedepot.com/, line 39: InvalidStateError: responseText is only available if responseType is '' or 'text'.
1620665789936	Marionette	INFO	Stopped listening on port 53418
1620665792267	geckodriver	INFO	Listening on 127.0.0.1:53729
1620665795344	mozrunner::runner	INFO	Running command: "C:\\Program Files\\Mozilla Firefox\\firefox.exe" "--marionette" "-foreground" "-no-remote" "-profile" "C:\\Users\\grzeg\\AppData\\Local\\Temp\\rust_mozprofileLelh7S"
1620665795570	Marionette	INFO	Marionette enabled
console.warn: SearchSettings: "get: No settings file exists, new profile?" (new Error("", "(unknown module)"))
1620665797109	Marionette	INFO	Listening on port 53737
1620665797410	Marionette	WARN	TLS certificate errors will be ignored for this session
JavaScript error: https://www.homedepot.com/, line 39: InvalidStateError: responseText is only available if responseType is '' or 'text'.
JavaScript error: https://www.homedepot.com/, line 39: InvalidStateError: responseText is only available if responseType is '' or 'text'.
JavaScript error: https://www.homedepot.com/, line 39: InvalidStateError: responseText is only available if responseType is '' or 'text'.

###!!! [Parent][RunMessage] Error: Channel closing: too late to send/recv, messages will be lost

JavaScript error: https://www.homedepot.com/, line 39: InvalidStateError: responseText is only available if responseType is '' or 'text'.
JavaScript error: https://www.homedepot.com/, line 39: InvalidStateError: responseText is only available if responseType is '' or 'text'.
JavaScript error: https://www.homedepot.com/, line 39: InvalidStateError: responseText is only available if responseType is '' or 'text'.

###!!! [Parent][RunMessage] Error: Channel closing: too late to send/recv, messages will be lost


###!!! [Parent][RunMessage] Error: Channel closing: too late to send/recv, messages will be lost

JavaScript error: , line 0: NS_ERROR_NOT_AVAILABLE
JavaScript error: , line 0: TypeError: NetworkError when attempting to fetch resource.
JavaScript error: https://assets.thdstatic.com/experiences/major-appliances/vendors.26149fd02f7dc3839571.js, line 1: AbortError: The operation was aborted. 
JavaScript error: https://assets.thdstatic.com/experiences/major-appliances/vendors.26149fd02f7dc3839571.js, line 1: AbortError: The operation was aborted. 
JavaScript error: https://assets.thdstatic.com/experiences/major-appliances/vendors.26149fd02f7dc3839571.js, line 1: AbortError: The operation was aborted. 
JavaScript error: , line 0: uncaught exception: Object
JavaScript error: https://assets.thdstatic.com/experiences/major-appliances/vendors.26149fd02f7dc3839571.js, line 1: AbortError: The operation was aborted. 
console.error: "Error sending event: overflow-change"
console.error: (new TypeError("can't access dead object", "resource://devtools/server/actors/inspector/utils.js", 132))
TypeError: can't access dead object: standardTreeWalkerFilter@resource://devtools/server/actors/inspector/utils.js:132:5
isSkippedNode@resource://devtools/server/actors/inspector/document-walker.js:217:17
getStartingNode@resource://devtools/server/actors/inspector/document-walker.js:172:27
DocumentWalker@resource://devtools/server/actors/inspector/document-walker.js:79:34
getNonAnonymousDocumentWalker@resource://devtools/server/actors/inspector/walker.js:352:12
rawParentNode@resource://devtools/server/actors/inspector/walker.js:706:27
parentNode@resource://devtools/server/actors/inspector/walker.js:685:25
form@resource://devtools/server/actors/inspector/node.js:160:36
write@resource://devtools/shared/protocol/types.js:358:32
types.addArrayType/write/<@resource://devtools/shared/protocol/types.js:215:33
write@resource://devtools/shared/protocol/types.js:215:16
write@resource://devtools/shared/protocol/Request.js:109:22
write@resource://devtools/shared/protocol/Request.js:39:26
_sendEvent@resource://devtools/shared/protocol/Actor.js:66:24
initialize/<@resource://devtools/shared/protocol/Actor.js:46:16
_emit@resource://devtools/shared/event-emitter.js:226:34
emit@resource://devtools/shared/event-emitter.js:172:18
emit@resource://devtools/shared/event-emitter.js:324:18
_onReflows@resource://devtools/server/actors/inspector/walker.js:592:12
_emit@resource://devtools/shared/event-emitter.js:226:34
emit@resource://devtools/shared/event-emitter.js:172:18
emit@resource://devtools/shared/event-emitter.js:324:18
_startEventLoop@resource://devtools/server/actors/reflow.js:314:12
notify@resource://gre/modules/Timer.jsm:62:17

JavaScript error: resource://devtools/server/actors/inspector/walker.js, line 479: TypeError: this._nodeActorsMap is null
1620676200282	Marionette	INFO	Stopped listening on port 53737

###!!! [Child][RunMessage] Error: Channel closing: too late to send/recv, messages will be lost

"--marionette" "-foreground" "-no-remote" "-profile" "C:\\Users\\grzeg\\AppData\\Local\\Temp\\rust_mozprofilemiHHKT"
1620674726144	Marionette	INFO	Marionette enabled
console.warn: SearchSettings: "get: No settings file exists, new profile?" (new Error("", "(unknown module)"))
1620674727715	Marionette	INFO	Listening on port 55065
1620674727963	Marionette	WARN	TLS certificate errors will be ignored for this session

###!!! [Parent][RunMessage] Error: Channel closing: too late to send/recv, messages will be lost


###!!! [Parent][RunMessage] Error: Channel closing: too late to send/recv, messages will be lost

JavaScript error: , line 0: NS_ERROR_NOT_AVAILABLE
1620676200797	Marionette	INFO	Stopped listening on port 55065

###!!! [Child][RunMessage] Error: Channel closing: too late to send/recv, messages will be lost

 "C:\\Users\\grzeg\\AppData\\Local\\Temp\\rust_mozprofiles67pqX"
1620674777537	Marionette	INFO	Marionette enabled
console.warn: SearchSettings: "get: No settings file exists, new profile?" (new Error("", "(unknown module)"))
1620674779124	Marionette	INFO	Listening on port 55286
1620674779378	Marionette	WARN	TLS certificate errors will be ignored for this session
JavaScript error: , line 0: NS_ERROR_NOT_AVAILABLE
1620676202061	Marionette	INFO	Stopped listening on port 55286

###!!! [Child][RunMessage] Error: Channel closing: too late to send/recv, messages will be lost

 "C:\\Users\\grzeg\\AppData\\Local\\Temp\\rust_mozprofilenvCgkA"
1620674834887	Marionette	INFO	Marionette enabled
console.warn: SearchSettings: "get: No settings file exists, new profile?" (new Error("", "(unknown module)"))
1620674836412	Marionette	INFO	Listening on port 55510
1620674836712	Marionette	WARN	TLS certificate errors will be ignored for this session
JavaScript error: https://www.homedepot.com/, line 39: InvalidStateError: responseText is only available if responseType is '' or 'text'.
JavaScript error: https://www.homedepot.com/, line 39: InvalidStateError: responseText is only available if responseType is '' or 'text'.
JavaScript error: https://www.homedepot.com/, line 39: InvalidStateError: responseText is only available if responseType is '' or 'text'.
JavaScript error: https://www.homedepot.com/, line 39: InvalidStateError: responseText is only available if responseType is '' or 'text'.
JavaScript error: https://www.homedepot.com/, line 39: InvalidStateError: responseText is only available if responseType is '' or 'text'.
JavaScript error: https://www.homedepot.com/, line 39: InvalidStateError: responseText is only available if responseType is '' or 'text'.
JavaScript error: , line 0: NS_ERROR_NOT_AVAILABLE
1620676202218	Marionette	INFO	Stopped listening on port 55510
C:\\Program Files\\Mozilla Firefox\\firefox.exe" "--marionette" "-foreground" "-no-remote" "-profile" "C:\\Users\\grzeg\\AppData\\Local\\Temp\\rust_mozprofileDbUxbZ"
1620674970485	Marionette	INFO	Marionette enabled
console.warn: SearchSettings: "get: No settings file exists, new profile?" (new Error("", "(unknown module)"))
1620674972084	Marionette	INFO	Listening on port 55754
1620674972303	Marionette	WARN	TLS certificate errors will be ignored for this session
JavaScript error: https://www.homedepot.com/, line 39: InvalidStateError: responseText is only available if responseType is '' or 'text'.
JavaScript error: https://www.homedepot.com/, line 39: InvalidStateError: responseText is only available if responseType is '' or 'text'.

###!!! [Parent][RunMessage] Error: Channel closing: too late to send/recv, messages will be lost


###!!! [Parent][RunMessage] Error: Channel closing: too late to send/recv, messages will be lost

JavaScript error: https://www.homedepot.com/, line 39: InvalidStateError: responseText is only available if responseType is '' or 'text'.
JavaScript error: https://www.homedepot.com/, line 39: InvalidStateError: responseText is only available if responseType is '' or 'text'.
JavaScript error: https://www.homedepot.com/, line 39: InvalidStateError: responseText is only available if responseType is '' or 'text'.
JavaScript error: https://www.homedepot.com/, line 39: InvalidStateError: responseText is only available if responseType is '' or 'text'.
JavaScript error: , line 0: NS_ERROR_NOT_AVAILABLE
1620676202653	Marionette	INFO	Stopped listening on port 55754

###!!! [Child][RunMessage] Error: Channel closing: too late to send/recv, messages will be lost

"--marionette" "-foreground" "-no-remote" "-profile" "C:\\Users\\grzeg\\AppData\\Local\\Temp\\rust_mozprofileidgfza"
1620675807361	Marionette	INFO	Marionette enabled
console.warn: SearchSettings: "get: No settings file exists, new profile?" (new Error("", "(unknown module)"))
1620675809087	Marionette	INFO	Listening on port 56314
1620675809173	Marionette	WARN	TLS certificate errors will be ignored for this session

###!!! [Parent][RunMessage] Error: Channel closing: too late to send/recv, messages will be lost


###!!! [Parent][RunMessage] Error: Channel closing: too late to send/recv, messages will be lost


###!!! [Parent][RunMessage] Error: Channel closing: too late to send/recv, messages will be lost

JavaScript error: https://assets.thdstatic.com/experiences/major-appliances/vendors.26149fd02f7dc3839571.js, line 1: AbortError: The operation was aborted. 
JavaScript error: , line 0: NS_ERROR_NOT_AVAILABLE

###!!! [Parent][RunMessage] Error: Channel closing: too late to send/recv, messages will be lost


###!!! [Parent][RunMessage] Error: Channel closing: too late to send/recv, messages will be lost


###!!! [Parent][RunMessage] Error: Channel closing: too late to send/recv, messages will be lost

1620679675100	Marionette	INFO	Stopped listening on port 56314

###!!! [Child][RunMessage] Error: Channel closing: too late to send/recv, messages will be lost

available if responseType is '' or 'text'.
JavaScript error: https://www.homedepot.com/, line 39: InvalidStateError: responseText is only available if responseType is '' or 'text'.
JavaScript error: https://www.homedepot.com/, line 39: InvalidStateError: responseText is only available if responseType is '' or 'text'.
JavaScript error: , line 0: NS_ERROR_NOT_AVAILABLE
[Parent 23408, IPC I/O Parent] WARNING: file /builds/worker/checkouts/gecko/ipc/chromium/src/base/process_util_win.cc:167
1620679675071	Marionette	INFO	Stopped listening on port 56571

###!!! [Child][RunMessage] Error: Channel closing: too late to send/recv, messages will be lost

warn: SearchSettings: "get: No settings file exists, new profile?" (new Error("", "(unknown module)"))
1620676053491	Marionette	INFO	Listening on port 56931
1620676053828	Marionette	WARN	TLS certificate errors will be ignored for this session
JavaScript error: https://www.homedepot.com/, line 39: InvalidStateError: responseText is only available if responseType is '' or 'text'.
JavaScript error: https://www.homedepot.com/, line 39: InvalidStateError: responseText is only available if responseType is '' or 'text'.

###!!! [Parent][RunMessage] Error: Channel closing: too late to send/recv, messages will be lost

JavaScript error: https://www.homedepot.com/, line 39: InvalidStateError: responseText is only available if responseType is '' or 'text'.
JavaScript error: https://www.homedepot.com/, line 39: InvalidStateError: responseText is only available if responseType is '' or 'text'.
JavaScript error: https://www.homedepot.com/, line 39: InvalidStateError: responseText is only available if responseType is '' or 'text'.
JavaScript error: , line 0: TypeError: NetworkError when attempting to fetch resource.
JavaScript error: , line 0: NS_ERROR_NOT_AVAILABLE
1620679675074	Marionette	INFO	Stopped listening on port 56931

###!!! [Child][RunMessage] Error: Channel closing: too late to send/recv, messages will be lost

 "C:\\Users\\grzeg\\AppData\\Local\\Temp\\rust_mozprofile2IvsNu"
1620676127670	Marionette	INFO	Marionette enabled
console.warn: SearchSettings: "get: No settings file exists, new profile?" (new Error("", "(unknown module)"))
1620676129369	Marionette	INFO	Listening on port 57224
1620676129486	Marionette	WARN	TLS certificate errors will be ignored for this session
JavaScript error: , line 0: NS_ERROR_NOT_AVAILABLE
[Parent 5320, IPC I/O Parent] WARNING: file /builds/worker/checkouts/gecko/ipc/chromium/src/base/process_util_win.cc:167
1620679675028	Marionette	INFO	Stopped listening on port 57224

###!!! [Child][RunMessage] Error: Channel closing: too late to send/recv, messages will be lost

.warn: SearchSettings: "get: No settings file exists, new profile?" (new Error("", "(unknown module)"))
1620676278879	Marionette	INFO	Listening on port 57574
1620676279076	Marionette	WARN	TLS certificate errors will be ignored for this session

###!!! [Parent][RunMessage] Error: Channel closing: too late to send/recv, messages will be lost

JavaScript error: , line 0: NS_ERROR_NOT_AVAILABLE
[Parent 24924, IPC I/O Parent] WARNING: file /builds/worker/checkouts/gecko/ipc/chromium/src/base/process_util_win.cc:167
1620679675048	Marionette	INFO	Stopped listening on port 57574

###!!! [Child][RunMessage] Error: Channel closing: too late to send/recv, messages will be lost

warn: SearchSettings: "get: No settings file exists, new profile?" (new Error("", "(unknown module)"))
1620676346939	Marionette	INFO	Listening on port 57860
1620676347306	Marionette	WARN	TLS certificate errors will be ignored for this session
JavaScript error: https://assets.thdstatic.com/experiences/major-appliances/vendors.26149fd02f7dc3839571.js, line 1: AbortError: The operation was aborted. 
JavaScript error: https://assets.thdstatic.com/experiences/major-appliances/vendors.26149fd02f7dc3839571.js, line 1: AbortError: The operation was aborted. 
JavaScript error: https://assets.thdstatic.com/experiences/major-appliances/vendors.26149fd02f7dc3839571.js, line 1: AbortError: The operation was aborted. 
JavaScript error: , line 0: NS_ERROR_NOT_AVAILABLE
[Parent 20204, IPC I/O Parent] WARNING: file /builds/worker/checkouts/gecko/ipc/chromium/src/base/process_util_win.cc:167
[Parent 20204, IPC I/O Parent] WARNING: file /builds/worker/checkouts/gecko/ipc/chromium/src/base/process_util_win.cc:167
1620679675075	Marionette	INFO	Stopped listening on port 57860

###!!! [Child][RunMessage] Error: Channel closing: too late to send/recv, messages will be lost

 Error("", "(unknown module)"))
1620679392903	Marionette	INFO	Listening on port 60277
1620679393079	Marionette	WARN	TLS certificate errors will be ignored for this session

###!!! [Parent][RunMessage] Error: Channel closing: too late to send/recv, messages will be lost


###!!! [Parent][RunMessage] Error: Channel closing: too late to send/recv, messages will be lost


###!!! [Parent][RunMessage] Error: Channel closing: too late to send/recv, messages will be lost


###!!! [Parent][RunMessage] Error: Channel closing: too late to send/recv, messages will be lost


###!!! [Parent][RunMessage] Error: Channel closing: too late to send/recv, messages will be lost


###!!! [Parent][RunMessage] Error: Channel closing: too late to send/recv, messages will be lost


###!!! [Parent][RunMessage] Error: Channel closing: too late to send/recv, messages will be lost

[Parent 21264, IPC I/O Parent] WARNING: file /builds/worker/checkouts/gecko/ipc/chromium/src/base/process_util_win.cc:167
1620679674940	Marionette	INFO	Stopped listening on port 60277

###!!! [Child][RunMessage] Error: Channel closing: too late to send/recv, messages will be lost

1620679677659	geckodriver	INFO	Listening on 127.0.0.1:60746
1620679680726	mozrunner::runner	INFO	Running command: "C:\\Program Files\\Mozilla Firefox\\firefox.exe" "--marionette" "-foreground" "-no-remote" "-profile" "C:\\Users\\grzeg\\AppData\\Local\\Temp\\rust_mozprofilevQVCJJ"
1620679680949	Marionette	INFO	Marionette enabled
console.warn: SearchSettings: "get: No settings file exists, new profile?" (new Error("", "(unknown module)"))
1620679682575	Marionette	INFO	Listening on port 60756
1620679682789	Marionette	WARN	TLS certificate errors will be ignored for this session

###!!! [Parent][RunMessage] Error: Channel closing: too late to send/recv, messages will be lost


###!!! [Parent][RunMessage] Error: Channel closing: too late to send/recv, messages will be lost

JavaScript error: , line 0: NS_ERROR_NOT_AVAILABLE

###!!! [Parent][RunMessage] Error: Channel closing: too late to send/recv, messages will be lost


###!!! [Parent][RunMessage] Error: Channel closing: too late to send/recv, messages will be lost

1620680810429	Marionette	INFO	Stopped listening on port 60756

###!!! [Child][RunMessage] Error: Channel closing: too late to send/recv, messages will be lost

 "(unknown module)"))
1620679794502	Marionette	INFO	Listening on port 61077
1620679794799	Marionette	WARN	TLS certificate errors will be ignored for this session
JavaScript error: https://www.homedepot.com/, line 39: InvalidStateError: responseText is only available if responseType is '' or 'text'.
JavaScript error: https://www.homedepot.com/, line 39: InvalidStateError: responseText is only available if responseType is '' or 'text'.
JavaScript error: https://www.homedepot.com/, line 39: InvalidStateError: responseText is only available if responseType is '' or 'text'.
JavaScript error: https://assets.thdstatic.com/experiences/major-appliances/vendors.26149fd02f7dc3839571.js, line 1: Error: Request aborted

###!!! [Parent][RunMessage] Error: Channel closing: too late to send/recv, messages will be lost

JavaScript error: , line 0: NS_ERROR_NOT_AVAILABLE
1620680811440	Marionette	INFO	Stopped listening on port 61077

###!!! [Child][RunMessage] Error: Channel closing: too late to send/recv, messages will be lost

 "C:\\Users\\grzeg\\AppData\\Local\\Temp\\rust_mozprofiletynTU0"
1620679910277	Marionette	INFO	Marionette enabled
console.warn: SearchSettings: "get: No settings file exists, new profile?" (new Error("", "(unknown module)"))
1620679911824	Marionette	INFO	Listening on port 61435
1620679912095	Marionette	WARN	TLS certificate errors will be ignored for this session

###!!! [Parent][RunMessage] Error: Channel closing: too late to send/recv, messages will be lost

1620680812102	Marionette	INFO	Stopped listening on port 61435

###!!! [Child][RunMessage] Error: Channel closing: too late to send/recv, messages will be lost

"--marionette" "-foreground" "-no-remote" "-profile" "C:\\Users\\grzeg\\AppData\\Local\\Temp\\rust_mozprofileuMs32X"
1620680036553	Marionette	INFO	Marionette enabled
console.warn: SearchSettings: "get: No settings file exists, new profile?" (new Error("", "(unknown module)"))
1620680038087	Marionette	INFO	Listening on port 61717
1620680038379	Marionette	WARN	TLS certificate errors will be ignored for this session

###!!! [Parent][RunMessage] Error: Channel closing: too late to send/recv, messages will be lost


###!!! [Parent][RunMessage] Error: Channel closing: too late to send/recv, messages will be lost

JavaScript error: , line 0: NS_ERROR_NOT_AVAILABLE
1620680812706	Marionette	INFO	Stopped listening on port 61717

###!!! [Child][RunMessage] Error: Channel closing: too late to send/recv, messages will be lost

 "C:\\Users\\grzeg\\AppData\\Local\\Temp\\rust_mozprofile32vC4K"
1620680081921	Marionette	INFO	Marionette enabled
console.warn: SearchSettings: "get: No settings file exists, new profile?" (new Error("", "(unknown module)"))
1620680083423	Marionette	INFO	Listening on port 61942
1620680083754	Marionette	WARN	TLS certificate errors will be ignored for this session
JavaScript error: https://www.homedepot.com/, line 39: InvalidStateError: responseText is only available if responseType is '' or 'text'.
JavaScript error: https://www.homedepot.com/, line 39: InvalidStateError: responseText is only available if responseType is '' or 'text'.
JavaScript error: https://www.homedepot.com/, line 39: InvalidStateError: responseText is only available if responseType is '' or 'text'.

###!!! [Parent][RunMessage] Error: Channel closing: too late to send/recv, messages will be lost


###!!! [Parent][RunMessage] Error: Channel closing: too late to send/recv, messages will be lost


###!!! [Parent][RunMessage] Error: Channel closing: too late to send/recv, messages will be lost

1620680813294	Marionette	INFO	Stopped listening on port 61942

###!!! [Child][RunMessage] Error: Channel closing: too late to send/recv, messages will be lost

"--marionette" "-foreground" "-no-remote" "-profile" "C:\\Users\\grzeg\\AppData\\Local\\Temp\\rust_mozprofileFjN2xY"
1620680253336	Marionette	INFO	Marionette enabled
console.warn: SearchSettings: "get: No settings file exists, new profile?" (new Error("", "(unknown module)"))
1620680254802	Marionette	INFO	Listening on port 62252
1620680255142	Marionette	WARN	TLS certificate errors will be ignored for this session

###!!! [Parent][RunMessage] Error: Channel closing: too late to send/recv, messages will be lost


###!!! [Parent][RunMessage] Error: Channel closing: too late to send/recv, messages will be lost

JavaScript error: https://assets.thdstatic.com/experiences/major-appliances/vendors.26149fd02f7dc3839571.js, line 1: AbortError: The operation was aborted. 
1620680813827	Marionette	INFO	Stopped listening on port 62252

###!!! [Child][RunMessage] Error: Channel closing: too late to send/recv, messages will be lost

"--marionette" "-foreground" "-no-remote" "-profile" "C:\\Users\\grzeg\\AppData\\Local\\Temp\\rust_mozprofileiazQgC"
1620680308517	Marionette	INFO	Marionette enabled
console.warn: SearchSettings: "get: No settings file exists, new profile?" (new Error("", "(unknown module)"))
1620680310168	Marionette	INFO	Listening on port 62523
1620680310328	Marionette	WARN	TLS certificate errors will be ignored for this session
JavaScript error: https://www.homedepot.com/, line 39: InvalidStateError: responseText is only available if responseType is '' or 'text'.
JavaScript error: https://www.homedepot.com/, line 39: InvalidStateError: responseText is only available if responseType is '' or 'text'.
JavaScript error: https://www.homedepot.com/, line 39: InvalidStateError: responseText is only available if responseType is '' or 'text'.
1620680817395	Marionette	INFO	Stopped listening on port 62523

###!!! [Child][RunMessage] Error: Channel closing: too late to send/recv, messages will be lost

"--marionette" "-foreground" "-no-remote" "-profile" "C:\\Users\\grzeg\\AppData\\Local\\Temp\\rust_mozprofile9cLK58"
1620680417850	Marionette	INFO	Marionette enabled
console.warn: SearchSettings: "get: No settings file exists, new profile?" (new Error("", "(unknown module)"))
1620680419454	Marionette	INFO	Listening on port 62832
1620680419687	Marionette	WARN	TLS certificate errors will be ignored for this session
JavaScript error: https://assets.thdstatic.com/experiences/major-appliances/vendors.26149fd02f7dc3839571.js, line 1: AbortError: The operation was aborted. 
1620680818421	Marionette	INFO	Stopped listening on port 62832

###!!! [Child][RunMessage] Error: Channel closing: too late to send/recv, messages will be lost

"--marionette" "-foreground" "-no-remote" "-profile" "C:\\Users\\grzeg\\AppData\\Local\\Temp\\rust_mozprofile3f8LAO"
1620680653495	Marionette	INFO	Marionette enabled
console.warn: SearchSettings: "get: No settings file exists, new profile?" (new Error("", "(unknown module)"))
1620680655185	Marionette	INFO	Listening on port 63240
1620680655300	Marionette	WARN	TLS certificate errors will be ignored for this session
JavaScript error: https://www.homedepot.com/, line 39: InvalidStateError: responseText is only available if responseType is '' or 'text'.
JavaScript error: https://www.homedepot.com/, line 39: InvalidStateError: responseText is only available if responseType is '' or 'text'.
JavaScript error: https://www.homedepot.com/, line 39: InvalidStateError: responseText is only available if responseType is '' or 'text'.
1620680819373	Marionette	INFO	Stopped listening on port 63240
0680756997	mozrunner::runner	INFO	Running command: "C:\\Program Files\\Mozilla Firefox\\firefox.exe" "--marionette" "-foreground" "-no-remote" "-profile" "C:\\Users\\grzeg\\AppData\\Local\\Temp\\rust_mozprofileW8bVoh"
1620680757347	Marionette	INFO	Marionette enabled
console.warn: SearchSettings: "get: No settings file exists, new profile?" (new Error("", "(unknown module)"))
1620680759010	Marionette	INFO	Listening on port 63517
1620680759048	Marionette	WARN	TLS certificate errors will be ignored for this session
1620680820406	Marionette	INFO	Stopped listening on port 63517
1620680830369	geckodriver	INFO	Listening on 127.0.0.1:63825
1620680833410	mozrunner::runner	INFO	Running command: "C:\\Program Files\\Mozilla Firefox\\firefox.exe" "--marionette" "-foreground" "-no-remote" "-profile" "C:\\Users\\grzeg\\AppData\\Local\\Temp\\rust_mozprofileqC0OUV"
1620680833726	Marionette	INFO	Marionette enabled
console.warn: SearchSettings: "get: No settings file exists, new profile?" (new Error("", "(unknown module)"))
1620680834603	Marionette	INFO	Listening on port 63836
1620680835032	Marionette	WARN	TLS certificate errors will be ignored for this session
JavaScript warning: https://assets.thdstatic.com/analytics/sync/b2c/desktop/prod/current/sync.js, line 1: Failed to create WebGL context: WebGL is currently disabled.
JavaScript warning: https://assets.thdstatic.com/analytics/sync/b2c/desktop/prod/current/sync.js, line 1: Failed to create WebGL context: WebGL is currently disabled.
JavaScript warning: https://www.homedepot.com/clientlibs/788a8fb3ano2076282449b812b4de72, line 1: Failed to create WebGL context: WebGL is currently disabled.
JavaScript warning: https://1ad356638475.cdn4.forter.com/sn/1ad356638475/sha256-dWFObP2ggl%2B4TsbJy28vkQSv1y2usvTOesWxWy9yNgk%3D/script.js, line 1: Failed to create WebGL context: WebGL is currently disabled.
JavaScript warning: https://1ad356638475.cdn4.forter.com/sn/1ad356638475/sha256-dWFObP2ggl%2B4TsbJy28vkQSv1y2usvTOesWxWy9yNgk%3D/script.js, line 1: Failed to create WebGL context: WebGL is currently disabled.
JavaScript warning: https://assets.thdstatic.com/analytics/sync/b2c/desktop/prod/current/sync.js, line 1: Failed to create WebGL context: WebGL is currently disabled.
JavaScript warning: https://assets.thdstatic.com/analytics/sync/b2c/desktop/prod/current/sync.js, line 1: Failed to create WebGL context: WebGL is currently disabled.
JavaScript warning: https://client.px-cloud.net/PXJ770cP7Y/main.min.js, line 4: Failed to create WebGL context: WebGL is currently disabled.
JavaScript warning: https://client.px-cloud.net/PXJ770cP7Y/main.min.js, line 4: Failed to create WebGL context: WebGL is currently disabled.
JavaScript warning: https://1ad356638475.cdn4.forter.com/sn/1ad356638475/sha256-dWFObP2ggl%2B4TsbJy28vkQSv1y2usvTOesWxWy9yNgk%3D/script.js, line 1: Failed to create WebGL context: WebGL is currently disabled.
JavaScript warning: https://1ad356638475.cdn4.forter.com/sn/1ad356638475/sha256-dWFObP2ggl%2B4TsbJy28vkQSv1y2usvTOesWxWy9yNgk%3D/script.js, line 1: Failed to create WebGL context: WebGL is currently disabled.
JavaScript warning: https://assets.thdstatic.com/analytics/sync/b2c/desktop/prod/current/sync.js, line 1: Failed to create WebGL context: WebGL is currently disabled.
JavaScript warning: https://assets.thdstatic.com/analytics/sync/b2c/desktop/prod/current/sync.js, line 1: Failed to create WebGL context: WebGL is currently disabled.
JavaScript warning: https://1ad356638475.cdn4.forter.com/sn/1ad356638475/sha256-dWFObP2ggl%2B4TsbJy28vkQSv1y2usvTOesWxWy9yNgk%3D/script.js, line 1: Failed to create WebGL context: WebGL is currently disabled.
JavaScript warning: https://1ad356638475.cdn4.forter.com/sn/1ad356638475/sha256-dWFObP2ggl%2B4TsbJy28vkQSv1y2usvTOesWxWy9yNgk%3D/script.js, line 1: Failed to create WebGL context: WebGL is currently disabled.

###!!! [Parent][RunMessage] Error: Channel closing: too late to send/recv, messages will be lost


###!!! [Parent][RunMessage] Error: Channel closing: too late to send/recv, messages will be lost


###!!! [Parent][RunMessage] Error: Channel closing: too late to send/recv, messages will be lost

JavaScript warning: https://assets.thdstatic.com/analytics/sync/b2c/desktop/prod/current/sync.js, line 1: Failed to create WebGL context: WebGL is currently disabled.
JavaScript warning: https://assets.thdstatic.com/analytics/sync/b2c/desktop/prod/current/sync.js, line 1: Failed to create WebGL context: WebGL is currently disabled.
JavaScript warning: https://1ad356638475.cdn4.forter.com/sn/1ad356638475/sha256-dWFObP2ggl%2B4TsbJy28vkQSv1y2usvTOesWxWy9yNgk%3D/script.js, line 1: Failed to create WebGL context: WebGL is currently disabled.
JavaScript warning: https://1ad356638475.cdn4.forter.com/sn/1ad356638475/sha256-dWFObP2ggl%2B4TsbJy28vkQSv1y2usvTOesWxWy9yNgk%3D/script.js, line 1: Failed to create WebGL context: WebGL is currently disabled.
JavaScript warning: https://assets.thdstatic.com/analytics/sync/b2c/desktop/prod/current/sync.js, line 1: Failed to create WebGL context: WebGL is currently disabled.
JavaScript warning: https://assets.thdstatic.com/analytics/sync/b2c/desktop/prod/current/sync.js, line 1: Failed to create WebGL context: WebGL is currently disabled.
JavaScript warning: https://www.homedepot.com/clientlibs/788a8fb3ano2076282449b812b4de72, line 1: Failed to create WebGL context: WebGL is currently disabled.
JavaScript warning: https://1ad356638475.cdn4.forter.com/sn/1ad356638475/sha256-dWFObP2ggl%2B4TsbJy28vkQSv1y2usvTOesWxWy9yNgk%3D/script.js, line 1: Failed to create WebGL context: WebGL is currently disabled.
JavaScript warning: https://1ad356638475.cdn4.forter.com/sn/1ad356638475/sha256-dWFObP2ggl%2B4TsbJy28vkQSv1y2usvTOesWxWy9yNgk%3D/script.js, line 1: Failed to create WebGL context: WebGL is currently disabled.
JavaScript warning: https://assets.thdstatic.com/analytics/sync/b2c/desktop/prod/current/sync.js, line 1: Failed to create WebGL context: WebGL is currently disabled.
JavaScript warning: https://assets.thdstatic.com/analytics/sync/b2c/desktop/prod/current/sync.js, line 1: Failed to create WebGL context: WebGL is currently disabled.
JavaScript warning: https://www.homedepot.com/clientlibs/788a8fb3ano2076282449b812b4de72, line 1: Failed to create WebGL context: WebGL is currently disabled.
JavaScript warning: https://1ad356638475.cdn4.forter.com/sn/1ad356638475/sha256-dWFObP2ggl%2B4TsbJy28vkQSv1y2usvTOesWxWy9yNgk%3D/script.js, line 1: Failed to create WebGL context: WebGL is currently disabled.
JavaScript warning: https://1ad356638475.cdn4.forter.com/sn/1ad356638475/sha256-dWFObP2ggl%2B4TsbJy28vkQSv1y2usvTOesWxWy9yNgk%3D/script.js, line 1: Failed to create WebGL context: WebGL is currently disabled.
JavaScript warning: https://assets.thdstatic.com/analytics/sync/b2c/desktop/prod/current/sync.js, line 1: Failed to create WebGL context: WebGL is currently disabled.
JavaScript warning: https://assets.thdstatic.com/analytics/sync/b2c/desktop/prod/current/sync.js, line 1: Failed to create WebGL context: WebGL is currently disabled.
JavaScript warning: https://www.homedepot.com/clientlibs/788a8fb3ano2076282449b812b4de72, line 1: Failed to create WebGL context: WebGL is currently disabled.
JavaScript warning: https://1ad356638475.cdn4.forter.com/sn/1ad356638475/sha256-dWFObP2ggl%2B4TsbJy28vkQSv1y2usvTOesWxWy9yNgk%3D/script.js, line 1: Failed to create WebGL context: WebGL is currently disabled.
JavaScript warning: https://1ad356638475.cdn4.forter.com/sn/1ad356638475/sha256-dWFObP2ggl%2B4TsbJy28vkQSv1y2usvTOesWxWy9yNgk%3D/script.js, line 1: Failed to create WebGL context: WebGL is currently disabled.
JavaScript warning: https://assets.thdstatic.com/analytics/sync/b2c/desktop/prod/current/sync.js, line 1: Failed to create WebGL context: WebGL is currently disabled.
JavaScript warning: https://assets.thdstatic.com/analytics/sync/b2c/desktop/prod/current/sync.js, line 1: Failed to create WebGL context: WebGL is currently disabled.
JavaScript warning: https://www.homedepot.com/clientlibs/788a8fb3ano2076282449b812b4de72, line 1: Failed to create WebGL context: WebGL is currently disabled.
JavaScript warning: https://1ad356638475.cdn4.forter.com/sn/1ad356638475/sha256-dWFObP2ggl%2B4TsbJy28vkQSv1y2usvTOesWxWy9yNgk%3D/script.js, line 1: Failed to create WebGL context: WebGL is currently disabled.
JavaScript warning: https://1ad356638475.cdn4.forter.com/sn/1ad356638475/sha256-dWFObP2ggl%2B4TsbJy28vkQSv1y2usvTOesWxWy9yNgk%3D/script.js, line 1: Failed to create WebGL context: WebGL is currently disabled.
JavaScript warning: https://assets.thdstatic.com/analytics/sync/b2c/desktop/prod/current/sync.js, line 1: Failed to create WebGL context: WebGL is currently disabled.
JavaScript warning: https://assets.thdstatic.com/analytics/sync/b2c/desktop/prod/current/sync.js, line 1: Failed to create WebGL context: WebGL is currently disabled.
JavaScript warning: https://www.homedepot.com/clientlibs/788a8fb3ano2076282449b812b4de72, line 1: Failed to create WebGL context: WebGL is currently disabled.
JavaScript warning: https://1ad356638475.cdn4.forter.com/sn/1ad356638475/sha256-dWFObP2ggl%2B4TsbJy28vkQSv1y2usvTOesWxWy9yNgk%3D/script.js, line 1: Failed to create WebGL context: WebGL is currently disabled.
JavaScript warning: https://1ad356638475.cdn4.forter.com/sn/1ad356638475/sha256-dWFObP2ggl%2B4TsbJy28vkQSv1y2usvTOesWxWy9yNgk%3D/script.js, line 1: Failed to create WebGL context: WebGL is currently disabled.
JavaScript warning: https://assets.thdstatic.com/analytics/sync/b2c/desktop/prod/current/sync.js, line 1: Failed to create WebGL context: WebGL is currently disabled.
JavaScript warning: https://assets.thdstatic.com/analytics/sync/b2c/desktop/prod/current/sync.js, line 1: Failed to create WebGL context: WebGL is currently disabled.
JavaScript warning: https://www.homedepot.com/clientlibs/788a8fb3ano2076282449b812b4de72, line 1: Failed to create WebGL context: WebGL is currently disabled.
JavaScript warning: https://1ad356638475.cdn4.forter.com/sn/1ad356638475/sha256-dWFObP2ggl%2B4TsbJy28vkQSv1y2usvTOesWxWy9yNgk%3D/script.js, line 1: Failed to create WebGL context: WebGL is currently disabled.
JavaScript warning: https://1ad356638475.cdn4.forter.com/sn/1ad356638475/sha256-dWFObP2ggl%2B4TsbJy28vkQSv1y2usvTOesWxWy9yNgk%3D/script.js, line 1: Failed to create WebGL context: WebGL is currently disabled.
JavaScript warning: https://assets.thdstatic.com/analytics/sync/b2c/desktop/prod/current/sync.js, line 1: Failed to create WebGL context: WebGL is currently disabled.
JavaScript warning: https://assets.thdstatic.com/analytics/sync/b2c/desktop/prod/current/sync.js, line 1: Failed to create WebGL context: WebGL is currently disabled.
JavaScript warning: https://www.homedepot.com/clientlibs/788a8fb3ano2076282449b812b4de72, line 1: Failed to create WebGL context: WebGL is currently disabled.
JavaScript warning: https://1ad356638475.cdn4.forter.com/sn/1ad356638475/sha256-dWFObP2ggl%2B4TsbJy28vkQSv1y2usvTOesWxWy9yNgk%3D/script.js, line 1: Failed to create WebGL context: WebGL is currently disabled.
JavaScript warning: https://1ad356638475.cdn4.forter.com/sn/1ad356638475/sha256-dWFObP2ggl%2B4TsbJy28vkQSv1y2usvTOesWxWy9yNgk%3D/script.js, line 1: Failed to create WebGL context: WebGL is currently disabled.
JavaScript warning: https://assets.thdstatic.com/analytics/sync/b2c/desktop/prod/current/sync.js, line 1: Failed to create WebGL context: WebGL is currently disabled.
JavaScript warning: https://assets.thdstatic.com/analytics/sync/b2c/desktop/prod/current/sync.js, line 1: Failed to create WebGL context: WebGL is currently disabled.
JavaScript warning: https://www.homedepot.com/clientlibs/788a8fb3ano2076282449b812b4de72, line 1: Failed to create WebGL context: WebGL is currently disabled.
JavaScript warning: https://1ad356638475.cdn4.forter.com/sn/1ad356638475/sha256-dWFObP2ggl%2B4TsbJy28vkQSv1y2usvTOesWxWy9yNgk%3D/script.js, line 1: Failed to create WebGL context: WebGL is currently disabled.
JavaScript warning: https://1ad356638475.cdn4.forter.com/sn/1ad356638475/sha256-dWFObP2ggl%2B4TsbJy28vkQSv1y2usvTOesWxWy9yNgk%3D/script.js, line 1: Failed to create WebGL context: WebGL is currently disabled.
JavaScript warning: https://assets.thdstatic.com/analytics/sync/b2c/desktop/prod/current/sync.js, line 1: Failed to create WebGL context: WebGL is currently disabled.
JavaScript warning: https://assets.thdstatic.com/analytics/sync/b2c/desktop/prod/current/sync.js, line 1: Failed to create WebGL context: WebGL is currently disabled.
JavaScript warning: https://www.homedepot.com/clientlibs/788a8fb3ano2076282449b812b4de72, line 1: Failed to create WebGL context: WebGL is currently disabled.
JavaScript warning: https://1ad356638475.cdn4.forter.com/sn/1ad356638475/sha256-dWFObP2ggl%2B4TsbJy28vkQSv1y2usvTOesWxWy9yNgk%3D/script.js, line 1: Failed to create WebGL context: WebGL is currently disabled.
JavaScript warning: https://1ad356638475.cdn4.forter.com/sn/1ad356638475/sha256-dWFObP2ggl%2B4TsbJy28vkQSv1y2usvTOesWxWy9yNgk%3D/script.js, line 1: Failed to create WebGL context: WebGL is currently disabled.

###!!! [Parent][RunMessage] Error: Channel closing: too late to send/recv, messages will be lost


###!!! [Parent][RunMessage] Error: Channel closing: too late to send/recv, messages will be lost

JavaScript warning: https://assets.thdstatic.com/analytics/sync/b2c/desktop/prod/current/sync.js, line 1: Failed to create WebGL context: WebGL is currently disabled.
JavaScript warning: https://assets.thdstatic.com/analytics/sync/b2c/desktop/prod/current/sync.js, line 1: Failed to create WebGL context: WebGL is currently disabled.
JavaScript warning: https://www.homedepot.com/clientlibs/788a8fb3ano2076282449b812b4de72, line 1: Failed to create WebGL context: WebGL is currently disabled.
JavaScript warning: https://1ad356638475.cdn4.forter.com/sn/1ad356638475/sha256-dWFObP2ggl%2B4TsbJy28vkQSv1y2usvTOesWxWy9yNgk%3D/script.js, line 1: Failed to create WebGL context: WebGL is currently disabled.
JavaScript warning: https://1ad356638475.cdn4.forter.com/sn/1ad356638475/sha256-dWFObP2ggl%2B4TsbJy28vkQSv1y2usvTOesWxWy9yNgk%3D/script.js, line 1: Failed to create WebGL context: WebGL is currently disabled.
JavaScript warning: https://assets.thdstatic.com/analytics/sync/b2c/desktop/prod/current/sync.js, line 1: Failed to create WebGL context: WebGL is currently disabled.
JavaScript warning: https://assets.thdstatic.com/analytics/sync/b2c/desktop/prod/current/sync.js, line 1: Failed to create WebGL context: WebGL is currently disabled.
JavaScript warning: https://www.homedepot.com/clientlibs/788a8fb3ano2076282449b812b4de72, line 1: Failed to create WebGL context: WebGL is currently disabled.
JavaScript warning: https://1ad356638475.cdn4.forter.com/sn/1ad356638475/sha256-dWFObP2ggl%2B4TsbJy28vkQSv1y2usvTOesWxWy9yNgk%3D/script.js, line 1: Failed to create WebGL context: WebGL is currently disabled.
JavaScript warning: https://1ad356638475.cdn4.forter.com/sn/1ad356638475/sha256-dWFObP2ggl%2B4TsbJy28vkQSv1y2usvTOesWxWy9yNgk%3D/script.js, line 1: Failed to create WebGL context: WebGL is currently disabled.
JavaScript warning: https://assets.thdstatic.com/analytics/sync/b2c/desktop/prod/current/sync.js, line 1: Failed to create WebGL context: WebGL is currently disabled.
JavaScript warning: https://assets.thdstatic.com/analytics/sync/b2c/desktop/prod/current/sync.js, line 1: Failed to create WebGL context: WebGL is currently disabled.
JavaScript warning: https://www.homedepot.com/clientlibs/788a8fb3ano2076282449b812b4de72, line 1: Failed to create WebGL context: WebGL is currently disabled.
JavaScript warning: https://1ad356638475.cdn4.forter.com/sn/1ad356638475/sha256-dWFObP2ggl%2B4TsbJy28vkQSv1y2usvTOesWxWy9yNgk%3D/script.js, line 1: Failed to create WebGL context: WebGL is currently disabled.
JavaScript warning: https://1ad356638475.cdn4.forter.com/sn/1ad356638475/sha256-dWFObP2ggl%2B4TsbJy28vkQSv1y2usvTOesWxWy9yNgk%3D/script.js, line 1: Failed to create WebGL context: WebGL is currently disabled.
JavaScript error: https://assets.thdstatic.com/experiences/major-appliances/vendors.26149fd02f7dc3839571.js, line 1: AbortError: The operation was aborted. 
JavaScript warning: https://www.homedepot.com/clientlibs/788a8fb3ano2076282449b812b4de72, line 1: Failed to create WebGL context: WebGL is currently disabled.
IPDL protocol error: Handler returned error code!

###!!! 1620681247974	mozrunner::runner	INFO	Running command: "C:\\Program Files\\Mozilla Firefox\\firefox.exe" "--marionette" "-foreground" "-no-remote" "-profile" "C:\\Users\\grzeg\\AppData\\Local\\Temp\\rust_mozprofileUyHosv"
1620681248230	Marionette	INFO	Marionette enabled
console.warn: SearchSettings: "get: No settings file exists, new profile?" (new Error("", "(unknown module)"))
1620681249788	Marionette	INFO	Listening on port 64372
1620681250009	Marionette	WARN	TLS certificate errors will be ignored for this session

###!!! [Parent][RunMessage] Error: Channel closing: too late to send/recv, messages will be lost


###!!! [Parent][RunMessage] Error: Channel closing: too late to send/recv, messages will be lost


###!!! [Parent][RunMessage] Error: Channel closing: too late to send/recv, messages will be lost


###!!! [Parent][RunMessage] Error: Channel closing: too late to send/recv, messages will be lost

1620681337863	Marionette	INFO	Stopped listening on port 64372

###!!! [Child][RunMessage] Error: Channel closing: too late to send/recv, messages will be lost

ure)

IPDL protocol error: Handler returned error code!

###!!! [Parent][DispatchAsyncMessage] Error: PLayerTransaction::Msg_ReleaseLayer Processing error: message was deserialized, but the handler returned false (indicating failure)

IPDL protocol error: Handler returned error code!

###!!! [Parent][DispatchAsyncMessage] Error: PLayerTransaction::Msg_ReleaseLayer Processing error: message was deserialized, but the handler returned false (indicating failure)

IPDL protocol error: Handler returned error code!

###!!! [Parent][DispatchAsyncMessage] Error: PLayerTransaction::Msg_ReleaseLayer Processing error: message was deserialized, but the handler returned false (indicating failure)

IPDL protocol error: Handler returned error code!

###!!! [Parent][DispatchAsyncMessage] Error: PLayerTransaction::Msg_ReleaseLayer Processing error: message was deserialized, but the handler returned false (indicating failure)

IPDL protocol error: Handler returned error code!

###!!! [Parent][DispatchAsyncMessage] Error: PLayerTransaction::Msg_ReleaseLayer Processing error: message was deserialized, but the handler returned false (indicating failure)

IPDL protocol error: Handler returned error code!

###!!! [Parent][DispatchAsyncMessage] Error: PLayerTransaction::Msg_ReleaseLayer Processing error: message was deserialized, but the handler returned false (indicating failure)

IPDL protocol error: Handler returned error code!

###!!! [Parent][DispatchAsyncMessage] Error: PLayerTransaction::Msg_ReleaseLayer Processing error: message was deserialized, but the handler returned false (indicating failure)

IPDL protocol error: Handler returned error code!

###!!! [Parent][DispatchAsyncMessage] Error: PLayerTransaction::Msg_ReleaseLayer Processing error: message was deserialized, but the handler returned false (indicating failure)

IPDL protocol error: Handler returned error code!

###!!! [Parent][DispatchAsyncMessage] Error: PLayerTransaction::Msg_ReleaseLayer Processing error: message was deserialized, but the handler returned false (indicating failure)

IPDL protocol error: Handler returned error code!

###!!! [Parent][DispatchAsyncMessage] Error: PLayerTransaction::Msg_ReleaseLayer Processing error: message was deserialized, but the handler returned false (indicating failure)

IPDL protocol error: Handler returned error code!

###!!! [Parent][DispatchAsyncMessage] Error: PLayerTransaction::Msg_ReleaseLayer Processing error: message was deserialized, but the handler returned false (indicating failure)

IPDL protocol error: Handler returned error code!

###!!! [Parent][DispatchAsyncMessage] Error: PLayerTransaction::Msg_ReleaseLayer Processing error: message was deserialized, but the handler returned false (indicating failure)

IPDL protocol error: Handler returned error code!

###!!! [Parent][DispatchAsyncMessage] Error: PLayerTransaction::Msg_ReleaseLayer Processing error: message was deserialized, but the handler returned false (indicating failure)

IPDL protocol error: Handler returned error code!

###!!! [Parent][DispatchAsyncMessage] Error: PLayerTransaction::Msg_ReleaseLayer Processing error: message was deserialized, but the handler returned false (indicating failure)

IPDL protocol error: Handler returned error code!

###!!! [Parent][DispatchAsyncMessage] Error: PLayerTransaction::Msg_ReleaseLayer Processing error: message was deserialized, but the handler returned false (indicating failure)

1620681247788	Marionette	INFO	Stopped listening on port 63836
1620681681595	geckodriver	INFO	Listening on 127.0.0.1:65037
1620681684642	mozrunner::runner	INFO	Running command: "C:\\Program Files\\Mozilla Firefox\\firefox.exe" "--marionette" "-foreground" "-no-remote" "-profile" "C:\\Users\\grzeg\\AppData\\Local\\Temp\\rust_mozprofileGsyWi6"
1620681684867	Marionette	INFO	Marionette enabled
console.warn: SearchSettings: "get: No settings file exists, new profile?" (new Error("", "(unknown module)"))
1620681686415	Marionette	INFO	Listening on port 65049
1620681686718	Marionette	WARN	TLS certificate errors will be ignored for this session
JavaScript error: , line 0: NS_ERROR_NOT_AVAILABLE
1620682513120	Marionette	INFO	Stopped listening on port 65049

###!!! [Child][RunMessage] Error: Channel closing: too late to send/recv, messages will be lost

 "C:\\Users\\grzeg\\AppData\\Local\\Temp\\rust_mozprofileKEDwdN"
1620681823395	Marionette	INFO	Marionette enabled
console.warn: SearchSettings: "get: No settings file exists, new profile?" (new Error("", "(unknown module)"))
1620681824987	Marionette	INFO	Listening on port 65354
1620681825426	Marionette	WARN	TLS certificate errors will be ignored for this session
JavaScript error: https://www.homedepot.com/, line 39: InvalidStateError: responseText is only available if responseType is '' or 'text'.
JavaScript error: https://www.homedepot.com/, line 39: InvalidStateError: responseText is only available if responseType is '' or 'text'.
JavaScript error: https://www.homedepot.com/, line 39: InvalidStateError: responseText is only available if responseType is '' or 'text'.
JavaScript error: https://assets.thdstatic.com/experiences/major-appliances/vendors.26149fd02f7dc3839571.js, line 1: AbortError: The operation was aborted. 
[Parent 21912, IPC I/O Parent] WARNING: file /builds/worker/checkouts/gecko/ipc/chromium/src/base/process_util_win.cc:167
1620682513139	Marionette	INFO	Stopped listening on port 65354

###!!! [Child][RunMessage] Error: Channel closing: too late to send/recv, messages will be lost

2197438	Marionette	INFO	Marionette enabled
console.warn: SearchSettings: "get: No settings file exists, new profile?" (new Error("", "(unknown module)"))
1620682199008	Marionette	INFO	Listening on port 49607
1620682199252	Marionette	WARN	TLS certificate errors will be ignored for this session
1620682513098	Marionette	INFO	Stopped listening on port 49607
0682403450	mozrunner::runner	INFO	Running command: "C:\\Program Files\\Mozilla Firefox\\firefox.exe" "--marionette" "-foreground" "-no-remote" "-profile" "C:\\Users\\grzeg\\AppData\\Local\\Temp\\rust_mozprofile95wWC3"
1620682403675	Marionette	INFO	Marionette enabled
console.warn: SearchSettings: "get: No settings file exists, new profile?" (new Error("", "(unknown module)"))
1620682405204	Marionette	INFO	Listening on port 50223
1620682405494	Marionette	WARN	TLS certificate errors will be ignored for this session

###!!! [Parent][RunMessage] Error: Channel closing: too late to send/recv, messages will be lost


###!!! [Parent][RunMessage] Error: Channel closing: too late to send/recv, messages will be lost


###!!! [Parent][RunMessage] Error: Channel closing: too late to send/recv, messages will be lost


###!!! [Child][RunMessage] Error: Channel closing: too late to send/recv, messages will be lost


###!!! [Child][MessageChannel] Error: (msgtype=0x5B0004,name=PHttpChannel::Msg_Cancel) Channel closing: too late to send/recv, messages will be lost


###!!! [Child][MessageChannel] Error: (msgtype=0x5B0009,name=PHttpChannel::Msg_DeletingChannel) Channel closing: too late to send/recv, messages will be lost

1620682513098	Marionette	INFO	Stopped listening on port 50223
1620682561292	geckodriver	INFO	Listening on 127.0.0.1:50799
1620682564330	mozrunner::runner	INFO	Running command: "C:\\Program Files\\Mozilla Firefox\\firefox.exe" "--marionette" "-foreground" "-no-remote" "-profile" "C:\\Users\\grzeg\\AppData\\Local\\Temp\\rust_mozprofileOCjlW6"
1620682564555	Marionette	INFO	Marionette enabled
console.warn: SearchSettings: "get: No settings file exists, new profile?" (new Error("", "(unknown module)"))
1620682566154	Marionette	INFO	Listening on port 50809
1620682566392	Marionette	WARN	TLS certificate errors will be ignored for this session
JavaScript error: https://www.homedepot.com/, line 39: InvalidStateError: responseText is only available if responseType is '' or 'text'.
JavaScript error: https://www.homedepot.com/, line 39: InvalidStateError: responseText is only available if responseType is '' or 'text'.

###!!! [Parent][RunMessage] Error: Channel error: cannot send/recv

JavaScript error: https://www.homedepot.com/, line 39: InvalidStateError: responseText is only available if responseType is '' or 'text'.

###!!! [Parent][RunMessage] Error: Channel closing: too late to send/recv, messages will be lost


###!!! [Parent][RunMessage] Error: Channel closing: too late to send/recv, messages will be lost

1620683057795	Marionette	INFO	Stopped listening on port 50809
0682728290	mozrunner::runner	INFO	Running command: "C:\\Program Files\\Mozilla Firefox\\firefox.exe" "--marionette" "-foreground" "-no-remote" "-profile" "C:\\Users\\grzeg\\AppData\\Local\\Temp\\rust_mozprofileWv0o0X"
1620682728516	Marionette	INFO	Marionette enabled
console.warn: SearchSettings: "get: No settings file exists, new profile?" (new Error("", "(unknown module)"))
1620682730076	Marionette	INFO	Listening on port 51159
1620682730331	Marionette	WARN	TLS certificate errors will be ignored for this session
JavaScript error: https://www.homedepot.com/, line 39: InvalidStateError: responseText is only available if responseType is '' or 'text'.
JavaScript error: https://www.homedepot.com/, line 39: InvalidStateError: responseText is only available if responseType is '' or 'text'.
JavaScript error: https://www.homedepot.com/, line 39: InvalidStateError: responseText is only available if responseType is '' or 'text'.
[Parent 14748, IPC I/O Parent] WARNING: file /builds/worker/checkouts/gecko/ipc/chromium/src/base/process_util_win.cc:167
[Parent 14748, IPC I/O Parent] WARNING: file /builds/worker/checkouts/gecko/ipc/chromium/src/base/process_util_win.cc:167
1620683057766	Marionette	INFO	Stopped listening on port 51159
O	Marionette enabled
console.warn: SearchSettings: "get: No settings file exists, new profile?" (new Error("", "(unknown module)"))
1620682799565	Marionette	INFO	Listening on port 51441
1620682799831	Marionette	WARN	TLS certificate errors will be ignored for this session

###!!! [Parent][RunMessage] Error: Channel closing: too late to send/recv, messages will be lost

1620683057785	Marionette	INFO	Stopped listening on port 51441
1620683271816	geckodriver	INFO	Listening on 127.0.0.1:52563
1620683275015	mozrunner::runner	INFO	Running command: "C:\\Program Files\\Mozilla Firefox\\firefox.exe" "--marionette" "-foreground" "-no-remote" "-profile" "C:\\Users\\grzeg\\AppData\\Local\\Temp\\rust_mozprofile4k0htV"
1620683275232	Marionette	INFO	Marionette enabled
console.warn: SearchSettings: "get: No settings file exists, new profile?" (new Error("", "(unknown module)"))
1620683276789	Marionette	INFO	Listening on port 52572
1620683277057	Marionette	WARN	TLS certificate errors will be ignored for this session
JavaScript error: https://www.homedepot.com/, line 39: InvalidStateError: responseText is only available if responseType is '' or 'text'.
JavaScript error: https://www.homedepot.com/, line 39: InvalidStateError: responseText is only available if responseType is '' or 'text'.

###!!! [Parent][RunMessage] Error: Channel error: cannot send/recv

JavaScript error: https://www.homedepot.com/, line 39: InvalidStateError: responseText is only available if responseType is '' or 'text'.

###!!! [Parent][RunMessage] Error: Channel closing: too late to send/recv, messages will be lost


###!!! [Parent][RunMessage] Error: Channel closing: too late to send/recv, messages will be lost


###!!! [Parent][RunMessage] Error: Channel closing: too late to send/recv, messages will be lost

JavaScript error: https://assets.thdstatic.com/experiences/major-appliances/runtime.14320338846731e07fbb.js, line 1: ChunkLoadError: Loading chunk 18 failed.
(error: https://assets.thdstatic.com/experiences/major-appliances/feature-based-recommendations.61256042407f43094143.js)
JavaScript error: https://assets.thdstatic.com/experiences/major-appliances/runtime.14320338846731e07fbb.js, line 1: ChunkLoadError: Loading chunk 7 failed.
(error: https://assets.thdstatic.com/experiences/major-appliances/quick-view~ratings-and-reviews.2e93ce9022503ab80b85.js)
JavaScript error: https://assets.thdstatic.com/experiences/major-appliances/runtime.14320338846731e07fbb.js, line 1: ChunkLoadError: Loading chunk 8 failed.
(error: https://assets.thdstatic.com/experiences/major-appliances/quick-view~specifications.7a907cc3089184dcaf4a.js)
JavaScript error: https://assets.thdstatic.com/experiences/major-appliances/runtime.14320338846731e07fbb.js, line 1: ChunkLoadError: Loading chunk 18 failed.
(error: https://assets.thdstatic.com/experiences/major-appliances/feature-based-recommendations.61256042407f43094143.js)
JavaScript error: https://assets.thdstatic.com/experiences/major-appliances/runtime.14320338846731e07fbb.js, line 1: Error: Loading CSS chunk 34 failed.
(https://assets.thdstatic.com/experiences/major-appliances/ratings-and-reviews.a9c56caf1f8b693c471d.css)
JavaScript error: https://assets.thdstatic.com/experiences/major-appliances/runtime.14320338846731e07fbb.js, line 1: ChunkLoadError: Loading chunk 22 failed.
(error: https://assets.thdstatic.com/experiences/major-appliances/key-product-features.0fe9019b01ba3394ed02.js)
JavaScript error: https://assets.thdstatic.com/experiences/major-appliances/runtime.14320338846731e07fbb.js, line 1: Error: Loading CSS chunk 7 failed.
(https://assets.thdstatic.com/experiences/major-appliances/quick-view~ratings-and-reviews.ea61432a07cbb5e11acb.css)
JavaScript error: https://assets.thdstatic.com/experiences/major-appliances/runtime.14320338846731e07fbb.js, line 1: Error: Loading CSS chunk 4 failed.
(https://assets.thdstatic.com/experiences/major-appliances/feature-based-recommendations~frequently-bought-together.e76db93a415e0c93f97b.css)
JavaScript error: https://assets.thdstatic.com/experiences/major-appliances/runtime.14320338846731e07fbb.js, line 1: ChunkLoadError: Loading chunk 22 failed.
(error: https://assets.thdstatic.com/experiences/major-appliances/key-product-features.0fe9019b01ba3394ed02.js)
JavaScript error: https://assets.thdstatic.com/experiences/major-appliances/runtime.14320338846731e07fbb.js, line 1: ChunkLoadError: Loading chunk 18 failed.
(error: https://assets.thdstatic.com/experiences/major-appliances/feature-based-recommendations.61256042407f43094143.js)
JavaScript error: https://assets.thdstatic.com/experiences/major-appliances/runtime.14320338846731e07fbb.js, line 1: Error: Loading CSS chunk 7 failed.
(https://assets.thdstatic.com/experiences/major-appliances/quick-view~ratings-and-reviews.ea61432a07cbb5e11acb.css)
JavaScript error: https://assets.thdstatic.com/experiences/major-appliances/runtime.14320338846731e07fbb.js, line 1: ChunkLoadError: Loading chunk 22 failed.
(error: https://assets.thdstatic.com/experiences/major-appliances/key-product-features.0fe9019b01ba3394ed02.js)
1620683337633	Marionette	INFO	Stopped listening on port 52572

###!!! [Child][RunMessage] Error: Channel closing: too late to send/recv, messages will be lost

"--marionette" "-foreground" "-no-remote" "-profile" "C:\\Users\\grzeg\\AppData\\Local\\Temp\\rust_mozprofilefzzZXB"
1620683335041	Marionette	INFO	Marionette enabled
console.warn: SearchSettings: "get: No settings file exists, new profile?" (new Error("", "(unknown module)"))
1620683336640	Marionette	INFO	Listening on port 52856
1620683336853	Marionette	WARN	TLS certificate errors will be ignored for this session
JavaScript error: https://assets.thdstatic.com/experiences/major-appliances/vendors.26149fd02f7dc3839571.js, line 1: AbortError: The operation was aborted. 
JavaScript error: https://assets.thdstatic.com/experiences/major-appliances/vendors.26149fd02f7dc3839571.js, line 1: AbortError: The operation was aborted. 
JavaScript error: https://assets.thdstatic.com/experiences/major-appliances/vendors.26149fd02f7dc3839571.js, line 1: AbortError: The operation was aborted. 
JavaScript error: chrome://marionette/content/driver.js, line 292: TypeError: this.currentSession is null
JavaScript error: chrome://marionette/content/driver.js, line 292: TypeError: this.currentSession is null
JavaScript error: chrome://marionette/content/driver.js, line 292: TypeError: this.currentSession is null
JavaScript error: chrome://marionette/content/driver.js, line 292: TypeError: this.currentSession is null
JavaScript error: chrome://marionette/content/driver.js, line 292: TypeError: this.currentSession is null
1620683447697	geckodriver	INFO	Listening on 127.0.0.1:53226
1620683450748	mozrunner::runner	INFO	Running command: "C:\\Program Files\\Mozilla Firefox\\firefox.exe" "--marionette" "-foreground" "-no-remote" "-profile" "C:\\Users\\grzeg\\AppData\\Local\\Temp\\rust_mozprofileLgGSuT"
1620683450971	Marionette	INFO	Marionette enabled
console.warn: SearchSettings: "get: No settings file exists, new profile?" (new Error("", "(unknown module)"))
1620683452568	Marionette	INFO	Listening on port 53235
1620683452811	Marionette	WARN	TLS certificate errors will be ignored for this session
JavaScript error: https://assets.thdstatic.com/experiences/major-appliances/vendors.26149fd02f7dc3839571.js, line 1: AbortError: The operation was aborted. 
JavaScript error: https://assets.thdstatic.com/experiences/major-appliances/vendors.26149fd02f7dc3839571.js, line 1: AbortError: The operation was aborted. 
JavaScript error: https://assets.thdstatic.com/experiences/major-appliances/vendors.26149fd02f7dc3839571.js, line 1: AbortError: The operation was aborted. 
JavaScript error: https://assets.thdstatic.com/experiences/major-appliances/vendors.26149fd02f7dc3839571.js, line 1: AbortError: The operation was aborted. 

###!!! [Parent][RunMessage] Error: Channel closing: too late to send/recv, messages will be lost


###!!! [Parent][RunMessage] Error: Channel closing: too late to send/recv, messages will be lost

JavaScript error: https://assets.thdstatic.com/experiences/major-appliances/vendors.26149fd02f7dc3839571.js, line 1: AbortError: The operation was aborted. 
JavaScript error: https://assets.thdstatic.com/experiences/major-appliances/vendors.26149fd02f7dc3839571.js, line 1: AbortError: The operation was aborted. 
JavaScript error: https://assets.thdstatic.com/experiences/major-appliances/vendors.26149fd02f7dc3839571.js, line 1: AbortError: The operation was aborted. 
JavaScript error: https://assets.thdstatic.com/experiences/major-appliances/vendors.26149fd02f7dc3839571.js, line 1: AbortError: The operation was aborted. 
JavaScript error: https://assets.thdstatic.com/experiences/major-appliances/vendors.26149fd02f7dc3839571.js, line 1: AbortError: The operation was aborted. 
1620683558810	geckodriver	INFO	Listening on 127.0.0.1:53646
1620683561874	mozrunner::runner	INFO	Running command: "C:\\Program Files\\Mozilla Firefox\\firefox.exe" "--marionette" "-foreground" "-no-remote" "-profile" "C:\\Users\\grzeg\\AppData\\Local\\Temp\\rust_mozprofileZH6WjJ"
1620683562091	Marionette	INFO	Marionette enabled
console.warn: SearchSettings: "get: No settings file exists, new profile?" (new Error("", "(unknown module)"))
1620683563611	Marionette	INFO	Listening on port 53656
1620683563916	Marionette	WARN	TLS certificate errors will be ignored for this session
JavaScript error: https://assets.thdstatic.com/experiences/major-appliances/vendors.26149fd02f7dc3839571.js, line 1: AbortError: The operation was aborted. 
JavaScript error: https://assets.thdstatic.com/experiences/major-appliances/vendors.26149fd02f7dc3839571.js, line 1: AbortError: The operation was aborted. 
JavaScript error: https://assets.thdstatic.com/experiences/major-appliances/vendors.26149fd02f7dc3839571.js, line 1: AbortError: The operation was aborted. 
JavaScript error: https://assets.thdstatic.com/experiences/major-appliances/vendors.26149fd02f7dc3839571.js, line 1: AbortError: The operation was aborted. 
JavaScript error: https://assets.thdstatic.com/experiences/major-appliances/vendors.26149fd02f7dc3839571.js, line 1: AbortError: The operation was aborted. 
JavaScript error: https://assets.thdstatic.com/experiences/major-appliances/vendors.26149fd02f7dc3839571.js, line 1: AbortError: The operation was aborted. 
JavaScript error: https://assets.thdstatic.com/experiences/major-appliances/vendors.26149fd02f7dc3839571.js, line 1: AbortError: The operation was aborted. 

###!!! [Parent][RunMessage] Error: Channel closing: too late to send/recv, messages will be lost


###!!! [Parent][RunMessage] Error: Channel closing: too late to send/recv, messages will be lost

JavaScript error: https://assets.thdstatic.com/experiences/major-appliances/vendors.26149fd02f7dc3839571.js, line 1: AbortError: The operation was aborted. 
JavaScript error: https://assets.thdstatic.com/experiences/major-appliances/vendors.26149fd02f7dc3839571.js, line 1: AbortError: The operation was aborted. 
JavaScript error: https://assets.thdstatic.com/experiences/major-appliances/vendors.26149fd02f7dc3839571.js, line 1: AbortError: The operation was aborted. 
JavaScript error: https://assets.thdstatic.com/experiences/major-appliances/vendors.26149fd02f7dc3839571.js, line 1: AbortError: The operation was aborted. 
JavaScript error: https://assets.thdstatic.com/experiences/major-appliances/vendors.26149fd02f7dc3839571.js, line 1: AbortError: The operation was aborted. 
JavaScript error: https://assets.thdstatic.com/experiences/major-appliances/vendors.26149fd02f7dc3839571.js, line 1: AbortError: The operation was aborted. 
1620684092351	geckodriver	INFO	Listening on 127.0.0.1:54809
1620684095402	mozrunner::runner	INFO	Running command: "C:\\Program Files\\Mozilla Firefox\\firefox.exe" "--marionette" "-foreground" "-no-remote" "-profile" "C:\\Users\\grzeg\\AppData\\Local\\Temp\\rust_mozprofileJa0kyl"
1620684095626	Marionette	INFO	Marionette enabled
console.warn: SearchSettings: "get: No settings file exists, new profile?" (new Error("", "(unknown module)"))
1620684097258	Marionette	INFO	Listening on port 54821
1620684097454	Marionette	WARN	TLS certificate errors will be ignored for this session
JavaScript error: https://assets.thdstatic.com/experiences/major-appliances/vendors.26149fd02f7dc3839571.js, line 1: AbortError: The operation was aborted. 
JavaScript error: https://assets.thdstatic.com/experiences/major-appliances/vendors.26149fd02f7dc3839571.js, line 1: AbortError: The operation was aborted. 
JavaScript error: https://assets.thdstatic.com/experiences/major-appliances/vendors.26149fd02f7dc3839571.js, line 1: AbortError: The operation was aborted. 
JavaScript error: https://assets.thdstatic.com/experiences/major-appliances/vendors.26149fd02f7dc3839571.js, line 1: AbortError: The operation was aborted. 

###!!! [Parent][RunMessage] Error: Channel closing: too late to send/recv, messages will be lost


###!!! [Parent][RunMessage] Error: Channel closing: too late to send/recv, messages will be lost

JavaScript error: https://assets.thdstatic.com/experiences/major-appliances/vendors.26149fd02f7dc3839571.js, line 1: AbortError: The operation was aborted. 
JavaScript error: https://assets.thdstatic.com/experiences/major-appliances/vendors.26149fd02f7dc3839571.js, line 1: AbortError: The operation was aborted. 
JavaScript error: https://assets.thdstatic.com/experiences/major-appliances/vendors.26149fd02f7dc3839571.js, line 1: AbortError: The operation was aborted. 
JavaScript error: https://assets.thdstatic.com/experiences/major-appliances/vendors.26149fd02f7dc3839571.js, line 1: AbortError: The operation was aborted. 
JavaScript error: https://assets.thdstatic.com/experiences/major-appliances/vendors.26149fd02f7dc3839571.js, line 1: AbortError: The operation was aborted. 
JavaScript error: https://assets.thdstatic.com/experiences/major-appliances/vendors.26149fd02f7dc3839571.js, line 1: AbortError: The operation was aborted. 
JavaScript error: https://assets.thdstatic.com/experiences/major-appliances/vendors.26149fd02f7dc3839571.js, line 1: AbortError: The operation was aborted. 
JavaScript error: https://assets.thdstatic.com/experiences/major-appliances/vendors.26149fd02f7dc3839571.js, line 1: AbortError: The operation was aborted. 

###!!! [Parent][RunMessage] Error: Channel closing: too late to send/recv, messages will be lost

1620684828188	geckodriver	INFO	Listening on 127.0.0.1:56362
1620684831252	mozrunner::runner	INFO	Running command: "C:\\Program Files\\Mozilla Firefox\\firefox.exe" "--marionette" "-foreground" "-no-remote" "-profile" "C:\\Users\\grzeg\\AppData\\Local\\Temp\\rust_mozprofiledxOWTV"
1620684831481	Marionette	INFO	Marionette enabled
console.warn: SearchSettings: "get: No settings file exists, new profile?" (new Error("", "(unknown module)"))
1620684833158	Marionette	INFO	Listening on port 56372
1620684833308	Marionette	WARN	TLS certificate errors will be ignored for this session
JavaScript error: https://assets.thdstatic.com/experiences/major-appliances/vendors.26149fd02f7dc3839571.js, line 1: AbortError: The operation was aborted. 
JavaScript error: https://assets.thdstatic.com/experiences/major-appliances/vendors.26149fd02f7dc3839571.js, line 1: AbortError: The operation was aborted. 
JavaScript error: https://assets.thdstatic.com/experiences/major-appliances/vendors.26149fd02f7dc3839571.js, line 1: AbortError: The operation was aborted. 
JavaScript error: https://assets.thdstatic.com/experiences/major-appliances/vendors.26149fd02f7dc3839571.js, line 1: AbortError: The operation was aborted. 
JavaScript error: https://assets.thdstatic.com/experiences/major-appliances/vendors.26149fd02f7dc3839571.js, line 1: AbortError: The operation was aborted. 

###!!! [Parent][RunMessage] Error: Channel error: cannot send/recv

JavaScript error: https://assets.thdstatic.com/experiences/major-appliances/vendors.26149fd02f7dc3839571.js, line 1: AbortError: The operation was aborted. 
JavaScript error: https://assets.thdstatic.com/experiences/major-appliances/vendors.26149fd02f7dc3839571.js, line 1: AbortError: The operation was aborted. 

###!!! [Parent][RunMessage] Error: Channel closing: too late to send/recv, messages will be lost


###!!! [Parent][RunMessage] Error: Channel closing: too late to send/recv, messages will be lost

JavaScript error: https://assets.thdstatic.com/experiences/major-appliances/vendors.26149fd02f7dc3839571.js, line 1: AbortError: The operation was aborted. 
JavaScript error: https://assets.thdstatic.com/experiences/major-appliances/vendors.26149fd02f7dc3839571.js, line 1: AbortError: The operation was aborted. 
JavaScript error: https://assets.thdstatic.com/experiences/major-appliances/vendors.26149fd02f7dc3839571.js, line 1: AbortError: The operation was aborted. 
JavaScript error: https://assets.thdstatic.com/experiences/major-appliances/vendors.26149fd02f7dc3839571.js, line 1: AbortError: The operation was aborted. 
1620685220623	geckodriver	INFO	Listening on 127.0.0.1:57313
1620685223654	mozrunner::runner	INFO	Running command: "C:\\Program Files\\Mozilla Firefox\\firefox.exe" "--marionette" "-foreground" "-no-remote" "-profile" "C:\\Users\\grzeg\\AppData\\Local\\Temp\\rust_mozprofilekPBeHW"
1620685223898	Marionette	INFO	Marionette enabled
console.warn: SearchSettings: "get: No settings file exists, new profile?" (new Error("", "(unknown module)"))
1620685225628	Marionette	INFO	Listening on port 57333
1620685225698	Marionette	WARN	TLS certificate errors will be ignored for this session
JavaScript error: https://www.homedepot.com/, line 39: InvalidStateError: responseText is only available if responseType is '' or 'text'.
JavaScript error: https://www.homedepot.com/, line 39: InvalidStateError: responseText is only available if responseType is '' or 'text'.
JavaScript error: https://www.homedepot.com/, line 39: InvalidStateError: responseText is only available if responseType is '' or 'text'.

###!!! [Parent][RunMessage] Error: Channel closing: too late to send/recv, messages will be lost


###!!! [Parent][RunMessage] Error: Channel closing: too late to send/recv, messages will be lost

JavaScript error: https://assets.thdstatic.com/experiences/major-appliances/vendors.26149fd02f7dc3839571.js, line 1: AbortError: The operation was aborted. 

###!!! [Parent][RunMessage] Error: Channel closing: too late to send/recv, messages will be lost

JavaScript error: https://assets.thdstatic.com/experiences/major-appliances/vendors.26149fd02f7dc3839571.js, line 1: AbortError: The operation was aborted. 
JavaScript error: https://assets.thdstatic.com/experiences/major-appliances/vendors.26149fd02f7dc3839571.js, line 1: AbortError: The operation was aborted. 
JavaScript error: https://assets.thdstatic.com/experiences/major-appliances/vendors.26149fd02f7dc3839571.js, line 1: AbortError: The operation was aborted. 
JavaScript error: https://assets.thdstatic.com/experiences/major-appliances/vendors.26149fd02f7dc3839571.js, line 1: AbortError: The operation was aborted. 
JavaScript error: https://homedepot.ugc.bazaarvoice.com/static/1999aa/bvapi.js, line 7: NS_ERROR_NOT_INITIALIZED: 
JavaScript error: https://www.homedepot.com/, line 39: InvalidStateError: responseText is only available if responseType is '' or 'text'.
JavaScript error: https://www.homedepot.com/, line 39: InvalidStateError: responseText is only available if responseType is '' or 'text'.
JavaScript error: https://www.homedepot.com/, line 39: InvalidStateError: responseText is only available if responseType is '' or 'text'.
JavaScript error: https://assets.thdstatic.com/experiences/major-appliances/vendors.26149fd02f7dc3839571.js, line 1: AbortError: The operation was aborted. 
JavaScript error: https://assets.thdstatic.com/experiences/major-appliances/vendors.26149fd02f7dc3839571.js, line 1: AbortError: The operation was aborted. 
JavaScript error: https://assets.thdstatic.com/experiences/major-appliances/vendors.26149fd02f7dc3839571.js, line 1: AbortError: The operation was aborted. 
JavaScript error: https://assets.thdstatic.com/experiences/major-appliances/vendors.26149fd02f7dc3839571.js, line 1: AbortError: The operation was aborted. 
JavaScript error: https://homedepot.ugc.bazaarvoice.com/static/1999aa/bvapi.js, line 7: NS_ERROR_NOT_INITIALIZED: 
JavaScript error: https://assets.thdstatic.com/experiences/major-appliances/vendors.26149fd02f7dc3839571.js, line 1: AbortError: The operation was aborted. 
JavaScript error: https://assets.thdstatic.com/experiences/major-appliances/vendors.26149fd02f7dc3839571.js, line 1: AbortError: The operation was aborted. 

###!!! [Parent][RunMessage] Error: Channel closing: too late to send/recv, messages will be lost


###!!! [Parent][RunMessage] Error: Channel closing: too late to send/recv, messages will be lost

1620685477959	geckodriver	INFO	Listening on 127.0.0.1:58191
1620685480989	mozrunner::runner	INFO	Running command: "C:\\Program Files\\Mozilla Firefox\\firefox.exe" "--marionette" "-foreground" "-no-remote" "-profile" "C:\\Users\\grzeg\\AppData\\Local\\Temp\\rust_mozprofileKWYwoX"
1620685481220	Marionette	INFO	Marionette enabled
console.warn: SearchSettings: "get: No settings file exists, new profile?" (new Error("", "(unknown module)"))
1620685482802	Marionette	INFO	Listening on port 58200
1620685483033	Marionette	WARN	TLS certificate errors will be ignored for this session
JavaScript error: https://www.homedepot.com/, line 39: InvalidStateError: responseText is only available if responseType is '' or 'text'.
JavaScript error: https://www.homedepot.com/, line 39: InvalidStateError: responseText is only available if responseType is '' or 'text'.
JavaScript error: https://www.homedepot.com/, line 39: InvalidStateError: responseText is only available if responseType is '' or 'text'.
JavaScript error: https://assets.thdstatic.com/experiences/major-appliances/vendors.26149fd02f7dc3839571.js, line 1: AbortError: The operation was aborted. 

###!!! [Parent][RunMessage] Error: Channel closing: too late to send/recv, messages will be lost


###!!! [Parent][RunMessage] Error: Channel closing: too late to send/recv, messages will be lost

JavaScript error: https://assets.thdstatic.com/experiences/major-appliances/vendors.26149fd02f7dc3839571.js, line 1: AbortError: The operation was aborted. 
JavaScript error: https://assets.thdstatic.com/experiences/major-appliances/vendors.26149fd02f7dc3839571.js, line 1: AbortError: The operation was aborted. 
JavaScript error: https://assets.thdstatic.com/experiences/major-appliances/vendors.26149fd02f7dc3839571.js, line 1: AbortError: The operation was aborted. 
JavaScript error: https://assets.thdstatic.com/experiences/major-appliances/vendors.26149fd02f7dc3839571.js, line 1: AbortError: The operation was aborted. 
JavaScript error: https://assets.thdstatic.com/experiences/major-appliances/vendors.26149fd02f7dc3839571.js, line 1: AbortError: The operation was aborted. 
JavaScript error: https://www.homedepot.com/, line 39: InvalidStateError: responseText is only available if responseType is '' or 'text'.
JavaScript error: https://www.homedepot.com/, line 39: InvalidStateError: responseText is only available if responseType is '' or 'text'.
JavaScript error: https://www.homedepot.com/, line 39: InvalidStateError: responseText is only available if responseType is '' or 'text'.
JavaScript error: https://assets.thdstatic.com/experiences/major-appliances/vendors.26149fd02f7dc3839571.js, line 1: AbortError: The operation was aborted. 
JavaScript error: https://assets.thdstatic.com/experiences/major-appliances/vendors.26149fd02f7dc3839571.js, line 1: AbortError: The operation was aborted. 
JavaScript error: https://assets.thdstatic.com/experiences/major-appliances/vendors.26149fd02f7dc3839571.js, line 1: AbortError: The operation was aborted. 
JavaScript error: https://assets.thdstatic.com/experiences/major-appliances/vendors.26149fd02f7dc3839571.js, line 1: AbortError: The operation was aborted. 
1620685711174	geckodriver	INFO	Listening on 127.0.0.1:59025
1620685714206	mozrunner::runner	INFO	Running command: "C:\\Program Files\\Mozilla Firefox\\firefox.exe" "--marionette" "-foreground" "-no-remote" "-profile" "C:\\Users\\grzeg\\AppData\\Local\\Temp\\rust_mozprofilep6EaqG"
1620685714437	Marionette	INFO	Marionette enabled
console.warn: SearchSettings: "get: No settings file exists, new profile?" (new Error("", "(unknown module)"))
1620685716154	Marionette	INFO	Listening on port 59034
1620685716236	Marionette	WARN	TLS certificate errors will be ignored for this session

###!!! [Parent][RunMessage] Error: Channel error: cannot send/recv

JavaScript error: https://assets.thdstatic.com/experiences/major-appliances/vendors.26149fd02f7dc3839571.js, line 1: AbortError: The operation was aborted. 
JavaScript error: https://assets.thdstatic.com/experiences/major-appliances/vendors.26149fd02f7dc3839571.js, line 1: AbortError: The operation was aborted. 
JavaScript error: https://assets.thdstatic.com/experiences/major-appliances/vendors.26149fd02f7dc3839571.js, line 1: AbortError: The operation was aborted. 
JavaScript error: https://assets.thdstatic.com/experiences/major-appliances/vendors.26149fd02f7dc3839571.js, line 1: AbortError: The operation was aborted. 
JavaScript error: https://assets.thdstatic.com/experiences/major-appliances/vendors.26149fd02f7dc3839571.js, line 1: AbortError: The operation was aborted. 
JavaScript error: https://assets.thdstatic.com/experiences/major-appliances/vendors.26149fd02f7dc3839571.js, line 1: AbortError: The operation was aborted. 

###!!! [Parent][RunMessage] Error: Channel closing: too late to send/recv, messages will be lost


###!!! [Parent][RunMessage] Error: Channel closing: too late to send/recv, messages will be lost

JavaScript error: https://assets.thdstatic.com/experiences/major-appliances/vendors.26149fd02f7dc3839571.js, line 1: AbortError: The operation was aborted. 

###!!! [Parent][RunMessage] Error: Channel closing: too late to send/recv, messages will be lost


###!!! [Parent][RunMessage] Error: Channel closing: too late to send/recv, messages will be lost

JavaScript error: https://assets.thdstatic.com/experiences/major-appliances/vendors.26149fd02f7dc3839571.js, line 1: AbortError: The operation was aborted. 
JavaScript error: https://assets.thdstatic.com/experiences/major-appliances/vendors.26149fd02f7dc3839571.js, line 1: AbortError: The operation was aborted. 
JavaScript error: https://assets.thdstatic.com/experiences/major-appliances/vendors.26149fd02f7dc3839571.js, line 1: AbortError: The operation was aborted. 
JavaScript error: https://homedepot.ugc.bazaarvoice.com/static/1999aa/bvapi.js, line 7: NS_ERROR_NOT_INITIALIZED: 
1620686026960	geckodriver	INFO	Listening on 127.0.0.1:59887
1620686030019	mozrunner::runner	INFO	Running command: "C:\\Program Files\\Mozilla Firefox\\firefox.exe" "--marionette" "-foreground" "-no-remote" "-profile" "C:\\Users\\grzeg\\AppData\\Local\\Temp\\rust_mozprofileqEuGE7"
1620686030321	Marionette	INFO	Marionette enabled
console.warn: SearchSettings: "get: No settings file exists, new profile?" (new Error("", "(unknown module)"))
1620686031961	Marionette	INFO	Listening on port 59897
1620686032063	Marionette	WARN	TLS certificate errors will be ignored for this session
JavaScript error: https://www.homedepot.com/, line 39: InvalidStateError: responseText is only available if responseType is '' or 'text'.
JavaScript error: https://www.homedepot.com/, line 39: InvalidStateError: responseText is only available if responseType is '' or 'text'.
JavaScript error: https://www.homedepot.com/, line 39: InvalidStateError: responseText is only available if responseType is '' or 'text'.
JavaScript error: https://assets.thdstatic.com/experiences/major-appliances/vendors.26149fd02f7dc3839571.js, line 1: AbortError: The operation was aborted. 
JavaScript error: https://assets.thdstatic.com/experiences/major-appliances/vendors.26149fd02f7dc3839571.js, line 1: AbortError: The operation was aborted. 
JavaScript error: https://assets.thdstatic.com/experiences/major-appliances/vendors.26149fd02f7dc3839571.js, line 1: AbortError: The operation was aborted. 
JavaScript error: https://assets.thdstatic.com/experiences/major-appliances/vendors.26149fd02f7dc3839571.js, line 1: AbortError: The operation was aborted. 
JavaScript error: https://assets.thdstatic.com/experiences/major-appliances/vendors.26149fd02f7dc3839571.js, line 1: AbortError: The operation was aborted. 
JavaScript error: https://www.homedepot.com/, line 39: InvalidStateError: responseText is only available if responseType is '' or 'text'.
JavaScript error: https://www.homedepot.com/, line 39: InvalidStateError: responseText is only available if responseType is '' or 'text'.
JavaScript error: https://www.homedepot.com/, line 39: InvalidStateError: responseText is only available if responseType is '' or 'text'.

###!!! [Parent][RunMessage] Error: Channel closing: too late to send/recv, messages will be lost

JavaScript error: https://assets.thdstatic.com/experiences/major-appliances/vendors.26149fd02f7dc3839571.js, line 1: AbortError: The operation was aborted. 
JavaScript error: https://assets.thdstatic.com/experiences/major-appliances/vendors.26149fd02f7dc3839571.js, line 1: AbortError: The operation was aborted. 
JavaScript error: https://assets.thdstatic.com/experiences/major-appliances/vendors.26149fd02f7dc3839571.js, line 1: AbortError: The operation was aborted. 
JavaScript error: https://assets.thdstatic.com/experiences/major-appliances/vendors.26149fd02f7dc3839571.js, line 1: AbortError: The operation was aborted. 
1620686283055	geckodriver	INFO	Listening on 127.0.0.1:60707
1620686286094	mozrunner::runner	INFO	Running command: "C:\\Program Files\\Mozilla Firefox\\firefox.exe" "--marionette" "-foreground" "-no-remote" "-profile" "C:\\Users\\grzeg\\AppData\\Local\\Temp\\rust_mozprofilegct6Ph"
1620686286342	Marionette	INFO	Marionette enabled
console.warn: SearchSettings: "get: No settings file exists, new profile?" (new Error("", "(unknown module)"))
1620686288063	Marionette	INFO	Listening on port 60718
1620686288139	Marionette	WARN	TLS certificate errors will be ignored for this session
JavaScript error: https://www.homedepot.com/, line 39: InvalidStateError: responseText is only available if responseType is '' or 'text'.
JavaScript error: https://www.homedepot.com/, line 39: InvalidStateError: responseText is only available if responseType is '' or 'text'.
JavaScript error: https://www.homedepot.com/, line 39: InvalidStateError: responseText is only available if responseType is '' or 'text'.

###!!! [Parent][RunMessage] Error: Channel closing: too late to send/recv, messages will be lost


###!!! [Parent][RunMessage] Error: Channel closing: too late to send/recv, messages will be lost


###!!! [Parent][RunMessage] Error: Channel closing: too late to send/recv, messages will be lost


###!!! [Parent][RunMessage] Error: Channel closing: too late to send/recv, messages will be lost

JavaScript error: https://assets.thdstatic.com/experiences/major-appliances/vendors.26149fd02f7dc3839571.js, line 1: AbortError: The operation was aborted. 
JavaScript error: https://assets.thdstatic.com/experiences/major-appliances/vendors.26149fd02f7dc3839571.js, line 1: AbortError: The operation was aborted. 
JavaScript error: https://assets.thdstatic.com/experiences/major-appliances/vendors.26149fd02f7dc3839571.js, line 1: AbortError: The operation was aborted. 
JavaScript error: https://assets.thdstatic.com/experiences/major-appliances/vendors.26149fd02f7dc3839571.js, line 1: AbortError: The operation was aborted. 
JavaScript error: https://www.homedepot.com/, line 39: InvalidStateError: responseText is only available if responseType is '' or 'text'.
JavaScript error: https://www.homedepot.com/, line 39: InvalidStateError: responseText is only available if responseType is '' or 'text'.
JavaScript error: https://www.homedepot.com/, line 39: InvalidStateError: responseText is only available if responseType is '' or 'text'.
JavaScript error: https://assets.thdstatic.com/experiences/major-appliances/vendors.26149fd02f7dc3839571.js, line 1: AbortError: The operation was aborted. 
JavaScript error: https://assets.thdstatic.com/experiences/major-appliances/vendors.26149fd02f7dc3839571.js, line 1: AbortError: The operation was aborted. 
JavaScript error: https://assets.thdstatic.com/experiences/major-appliances/vendors.26149fd02f7dc3839571.js, line 1: AbortError: The operation was aborted. 
JavaScript error: https://assets.thdstatic.com/experiences/major-appliances/vendors.26149fd02f7dc3839571.js, line 1: AbortError: The operation was aborted. 
JavaScript error: https://assets.thdstatic.com/experiences/major-appliances/vendors.26149fd02f7dc3839571.js, line 1: AbortError: The operation was aborted. 
1620686682395	geckodriver	INFO	Listening on 127.0.0.1:61683
1620686685451	mozrunner::runner	INFO	Running command: "C:\\Program Files\\Mozilla Firefox\\firefox.exe" "--marionette" "-foreground" "-no-remote" "-profile" "C:\\Users\\grzeg\\AppData\\Local\\Temp\\rust_mozprofileiOLslA"
1620686685816	Marionette	INFO	Marionette enabled
console.warn: SearchSettings: "get: No settings file exists, new profile?" (new Error("", "(unknown module)"))
1620686687525	Marionette	INFO	Listening on port 61693
1620686687612	Marionette	WARN	TLS certificate errors will be ignored for this session
JavaScript error: https://www.homedepot.com/, line 39: InvalidStateError: responseText is only available if responseType is '' or 'text'.
JavaScript error: https://www.homedepot.com/, line 39: InvalidStateError: responseText is only available if responseType is '' or 'text'.
JavaScript error: https://www.homedepot.com/, line 39: InvalidStateError: responseText is only available if responseType is '' or 'text'.

###!!! [Parent][RunMessage] Error: Channel closing: too late to send/recv, messages will be lost


###!!! [Parent][RunMessage] Error: Channel closing: too late to send/recv, messages will be lost


###!!! [Parent][RunMessage] Error: Channel closing: too late to send/recv, messages will be lost

JavaScript error: https://assets.thdstatic.com/experiences/major-appliances/vendors.26149fd02f7dc3839571.js, line 1: AbortError: The operation was aborted. 
JavaScript error: https://assets.thdstatic.com/experiences/major-appliances/vendors.26149fd02f7dc3839571.js, line 1: AbortError: The operation was aborted. 
[Child 30932, MediaDecoderStateMachine #1] WARNING: Decoder=199bcd84000 state=DECODING_METADATA Decode metadata failed, shutting down decoder: file /builds/worker/checkouts/gecko/dom/media/MediaDecoderStateMachine.cpp:366
[Child 30932, MediaDecoderStateMachine #1] WARNING: Decoder=199bcd84000 Decode error: NS_ERROR_DOM_MEDIA_METADATA_ERR (0x806e0006): file /builds/worker/checkouts/gecko/dom/media/MediaDecoderStateMachine.cpp:3478
JavaScript error: https://assets.thdstatic.com/experiences/major-appliances/vendors.26149fd02f7dc3839571.js, line 1: AbortError: The operation was aborted. 

###!!! [Parent][RunMessage] Error: Channel closing: too late to send/recv, messages will be lost


###!!! [Parent][RunMessage] Error: Channel closing: too late to send/recv, messages will be lost

JavaScript error: https://assets.thdstatic.com/experiences/major-appliances/vendors.26149fd02f7dc3839571.js, line 1: AbortError: The operation was aborted. 
JavaScript error: https://www.homedepot.com/, line 39: InvalidStateError: responseText is only available if responseType is '' or 'text'.
JavaScript error: https://www.homedepot.com/, line 39: InvalidStateError: responseText is only available if responseType is '' or 'text'.
JavaScript error: https://www.homedepot.com/, line 39: InvalidStateError: responseText is only available if responseType is '' or 'text'.
JavaScript error: https://assets.thdstatic.com/experiences/major-appliances/vendors.26149fd02f7dc3839571.js, line 1: AbortError: The operation was aborted. 
JavaScript error: https://homedepot.ugc.bazaarvoice.com/static/1999aa/bvapi.js, line 7: NS_ERROR_NOT_INITIALIZED: 
JavaScript error: https://assets.thdstatic.com/experiences/major-appliances/vendors.26149fd02f7dc3839571.js, line 1: AbortError: The operation was aborted. 
JavaScript error: https://assets.thdstatic.com/experiences/major-appliances/vendors.26149fd02f7dc3839571.js, line 1: AbortError: The operation was aborted. 
JavaScript error: https://assets.thdstatic.com/experiences/major-appliances/vendors.26149fd02f7dc3839571.js, line 1: AbortError: The operation was aborted. 
JavaScript error: https://assets.thdstatic.com/experiences/major-appliances/vendors.26149fd02f7dc3839571.js, line 1: AbortError: The operation was aborted. 
[Child 30932, MediaDecoderStateMachine #1] WARNING: Decoder=199ba614000 state=DECODING_METADATA Decode metadata failed, shutting down decoder: file /builds/worker/checkouts/gecko/dom/media/MediaDecoderStateMachine.cpp:366
[Child 30932, MediaDecoderStateMachine #1] WARNING: Decoder=199ba614000 Decode error: NS_ERROR_DOM_MEDIA_METADATA_ERR (0x806e0006): file /builds/worker/checkouts/gecko/dom/media/MediaDecoderStateMachine.cpp:3478
JavaScript error: https://assets.thdstatic.com/experiences/major-appliances/vendors.26149fd02f7dc3839571.js, line 1: AbortError: The operation was aborted. 
[Child 30932, MediaDecoderStateMachine #1] WARNING: Decoder=199b7ee1c00 state=DECODING_METADATA Decode metadata failed, shutting down decoder: file /builds/worker/checkouts/gecko/dom/media/MediaDecoderStateMachine.cpp:366
[Child 30932, MediaDecoderStateMachine #1] WARNING: Decoder=199b7ee1c00 Decode error: NS_ERROR_DOM_MEDIA_METADATA_ERR (0x806e0006): file /builds/worker/checkouts/gecko/dom/media/MediaDecoderStateMachine.cpp:3478
